Предупреждение: Task:develop_development_case: Отсутствует связанный элемент Role:rup_stakeholder
Предупреждение: TaskDescriptor:develop_development_case: Отсутствует связанный элемент Role:rup_stakeholder
Предупреждение: Activity:manage_changing_requirements: Отсутствует связанный элемент Role:rup_stakeholder
Предупреждение: Task:review_requirements: Отсутствует связанный элемент Role:rup_stakeholder
Предупреждение: TaskDescriptor:review_requirements: Отсутствует связанный элемент Role:rup_stakeholder
Предупреждение: Task:identify_design_elements: Отсутствует связанный элемент Artifact:user_experience_model
Предупреждение: Task:identify_design_elements: Отсутствует связанный элемент Artifact:user_experience_element
Предупреждение: Task:use_case_analysis: Отсутствует связанный элемент Artifact:user_experience_model
Предупреждение: Task:use_case_analysis: Отсутствует связанный элемент Artifact:user_experience_element
Предупреждение: Task:prototype_user_interface: Отсутствует связанный элемент Artifact:user_experience_model
Предупреждение: Task:prototype_user_interface: Отсутствует связанный элемент Artifact:user_experience_element
Предупреждение: Task:prototype_user_interface: Отсутствует связанный элемент Artifact:user_experience_storyboard
Предупреждение: Task:prototype_user_interface: Отсутствует связанный элемент Artifact:user_experience_navmap
Предупреждение: Task:review_the_design: Отсутствует связанный элемент Artifact:user_experience_model
Предупреждение: TaskDescriptor:develop_development_case: Отсутствует связанный элемент Role:rup_stakeholder
Предупреждение: Artifact:rup_business_use_case_realization: Отсутствует связанный элемент Artifact:rup_bm_operation
Предупреждение: Artifact:rup_business_use_case_realization: Отсутствует связанный элемент Artifact:rup_bm_operation_realization
Предупреждение: Artifact:rup_business_rule_bam: IUPP0003W: Элемент не был опубликован, поскольку он недопустим в конфигурации.
Предупреждение: Artifact:rup_business_goal_bucm: IUPP0003W: Элемент не был опубликован, поскольку он недопустим в конфигурации.
Предупреждение: Activity:analyze_the_problem: Отсутствует связанный элемент Role:rup_stakeholder
Предупреждение: Activity:understand_stakeholder_needs: Отсутствует связанный элемент Role:rup_stakeholder
Предупреждение: Task:elicit_stakeholder_requests: Отсутствует связанный элемент Role:rup_stakeholder
Предупреждение: TaskDescriptor:elicit_stakeholder_requests: Отсутствует связанный элемент Role:rup_stakeholder
Предупреждение: Activity:analyze_the_problem: Отсутствует связанный элемент Role:rup_stakeholder
Предупреждение: Activity:understand_stakeholder_needs: Отсутствует связанный элемент Role:rup_stakeholder
Предупреждение: Activity:manage_changing_requirements: Отсутствует связанный элемент Role:rup_stakeholder
Предупреждение: Tool:rup_rational_unified_process: Пустая категория материалов не опубликована.
Предупреждение: Tool:rup_rational_unified_process: Пустая категория материалов не опубликована.
Предупреждение: Tool:rup_rational_unified_process: Пустая категория материалов не опубликована.
Предупреждение: Tool:rup_rational_unified_process: Пустая категория материалов не опубликована.
Предупреждение: Tool:rup_rational_unified_process: Пустая категория материалов не опубликована.
Предупреждение: Tool:rup_rational_unified_process: Пустая категория материалов не опубликована.
Предупреждение: CustomCategory:key_business_driven_development_principles: Пустая категория материалов не опубликована.
Предупреждение: CustomCategory:work_product: Пустая категория материалов не опубликована.
Предупреждение: CustomCategory:categories: Пустая категория материалов не опубликована.
Предупреждение: CustomCategory:guidance: Пустая категория материалов не опубликована.
Предупреждение: CustomCategory:method_package: Пустая категория материалов не опубликована.
Предупреждение: CustomCategory:organizational_concepts: Пустая категория материалов не опубликована.
Предупреждение: CustomCategory:key_business_driven_development_principles: Пустая категория материалов не опубликована.
Предупреждение: CustomCategory:work_product: Пустая категория материалов не опубликована.
Предупреждение: CustomCategory:categories: Пустая категория материалов не опубликована.
Предупреждение: CustomCategory:guidance: Пустая категория материалов не опубликована.
Предупреждение: CustomCategory:method_package: Пустая категория материалов не опубликована.
Предупреждение: CustomCategory:organizational_concepts: Пустая категория материалов не опубликована.
Предупреждение: CustomCategory:g_reports: Пустая категория материалов не опубликована.
Предупреждение: Tool:rup_rational_software_architect: Пустая категория материалов не опубликована.
Предупреждение: Tool:rup_rational_unified_process: Пустая категория материалов не опубликована.
Предупреждение: Artifact:rup_business_rule_bam: IUPP0003W: Элемент не был опубликован, поскольку он недопустим в конфигурации.
Предупреждение: Artifact:rup_business_goal_bucm: IUPP0003W: Элемент не был опубликован, поскольку он недопустим в конфигурации.
Предупреждение: Concept:agile_practices_and_rup: Отсутствует связанный элемент Concept:discipline
Предупреждение: Concept:agile_practices_and_rup: Отсутствует связанный элемент Concept:discipline
Предупреждение: Concept:tailoring_rup: Отсутствует связанный элемент Concept:configuration
Предупреждение: Concept:tailoring_rup: Отсутствует связанный элемент Concept:method_plugin
Предупреждение: Concept:tailoring_rup: Отсутствует связанный элемент Concept:concept
Предупреждение: Concept:tailoring_rup: Отсутствует связанный элемент Concept:guideline
Предупреждение: Concept:tailoring_rup: Отсутствует связанный элемент Concept:template
Предупреждение: Concept:tailoring_rup: Отсутствует связанный элемент Concept:example
Предупреждение: Concept:tailoring_rup: Отсутствует связанный элемент Concept:tool_mentor
Предупреждение: Concept:tailoring_rup: Отсутствует связанный элемент Concept:capability_pattern
Предупреждение: Concept:tailoring_rup: Отсутствует связанный элемент Concept:capability_pattern
Предупреждение: Concept:tailoring_rup: Отсутствует связанный элемент Concept:capability_pattern
Предупреждение: Concept:tailoring_rup: Отсутствует связанный элемент ToolMentor:personalizing_rup
Предупреждение: Concept:tailoring_rup: Отсутствует связанный элемент Concept:configuration
Предупреждение: Concept:tailoring_rup: Отсутствует связанный элемент Concept:method_plugin
Предупреждение: Concept:tailoring_rup: Отсутствует связанный элемент Concept:configuration
Предупреждение: Concept:tailoring_rup: Отсутствует связанный элемент Concept:method_plugin
Предупреждение: Concept:tailoring_rup: Отсутствует связанный элемент Concept:configuration
Предупреждение: Concept:tailoring_rup: Отсутствует связанный элемент Concept:capability_pattern
Предупреждение: Concept:tailoring_rup: Отсутствует связанный элемент Concept:method_plugin
Предупреждение: Concept:tailoring_rup: Отсутствует связанный элемент Concept:configuration
Предупреждение: Concept:tailoring_rup: Отсутствует связанный элемент Concept:capability_pattern
Предупреждение: ToolMentor:creating_method_plugin_rmc: Отсутствует связанный элемент Concept:method_plugin
Предупреждение: ToolMentor:creating_method_configuration_rmc: Отсутствует связанный элемент Concept:configuration
Предупреждение: ToolMentor:creating_method_configuration_rmc: Отсутствует связанный элемент Concept:method_library
Предупреждение: Concept:process_quality: Отсутствует связанный элемент Concept:focus_continuously_quality
Предупреждение: ToolMentor:installing_the_uxm_stereotypes_rose: Отсутствует связанный элемент Artifact:user_experience_model
Предупреждение: ToolMentor:installing_the_uxm_stereotypes_rose: Отсутствует связанный элемент Guideline:user_experience_model
Предупреждение: ToolMentor:set_up_uxm_xde: Отсутствует связанный элемент Guideline:user_experience_model
Предупреждение: Concept:traceability: Отсутствует связанный элемент Artifact:rup_supplementary_specification
Предупреждение: Concept:traceability: Отсутствует связанный элемент Artifact:rup_supplementary_specification
Предупреждение: Discipline:rup_requirements_discipline: Отсутствует связанный элемент Role:rup_stakeholder
Предупреждение: ToolMentor:structuring_the_use_case_model_rup_xde_uc: Отсутствует связанный элемент Whitepaper:model_structure_guidelines_for_rational_xde_developer
Предупреждение: ToolMentor:structuring_the_use_case_model_rup_xde_uc: Отсутствует связанный элемент Whitepaper:model_structure_guidelines_for_rational_xde_developer
Предупреждение: Concept:types_of_requirements: Отсутствует связанный элемент Role:rup_stakeholder
Предупреждение: ToolMentor:create_use_case_model_survey: Отсутствует связанный элемент Report:use-case_model_survey
Предупреждение: ToolMentor:create_use_case_model_survey: Отсутствует связанный элемент Report:use-case_model_survey
Предупреждение: ToolMentor:create_use_case_report: Отсутствует связанный элемент Report:use_case_specification_use-case_name
Предупреждение: ToolMentor:create_use_case_report: Отсутствует связанный элемент Report:use_case_specification_use-case_name
Предупреждение: ToolMentor:create_actor_report: Отсутствует связанный элемент Report:actor_report_-_actor_name
Предупреждение: ToolMentor:create_actor_report: Отсутствует связанный элемент Report:actor_report_-_actor_name
Предупреждение: Concept:quality_dimensions: Отсутствует связанный элемент Concept:focus_continuously_quality
Предупреждение: ToolMentor:setting_up_for_a_project: Отсутствует связанный элемент Whitepaper:model_structure_guidelines_for_rational_xde_developer
Предупреждение: ToolMentor:setting_up_for_a_project: Отсутствует связанный элемент Whitepaper:model_structure_guidelines_for_rational_xde_developer
Предупреждение: ToolMentor:setting_up_for_a_project: Отсутствует связанный элемент Whitepaper:model_structure_guidelines_for_rational_xde_developer
Предупреждение: Concept:product_directory_structure: Отсутствует связанный элемент Report:use-case_model_survey
Предупреждение: Concept:product_directory_structure: Отсутствует связанный элемент Report:use-case_model_survey
Предупреждение: Concept:product_directory_structure: Отсутствует связанный элемент Report:use_case_specification_use-case_name
Предупреждение: Concept:product_directory_structure: Отсутствует связанный элемент Report:use_case_specification_use-case_name
Предупреждение: Concept:product_directory_structure: Отсутствует связанный элемент Report:design-model_survey
Предупреждение: Concept:product_directory_structure: Отсутствует связанный элемент Report:design-model_survey
Предупреждение: Concept:product_directory_structure: Отсутствует связанный элемент Report:use-case_model_survey
Предупреждение: Concept:product_directory_structure: Отсутствует связанный элемент Report:use-case_model_survey
Предупреждение: Concept:product_directory_structure: Отсутствует связанный элемент Report:use_case_specification_use-case_name
Предупреждение: Concept:product_directory_structure: Отсутствует связанный элемент Report:use_case_specification_use-case_name
Предупреждение: Concept:product_directory_structure: Отсутствует связанный элемент Report:design-model_survey
Предупреждение: Concept:product_directory_structure: Отсутствует связанный элемент Report:design-model_survey
Предупреждение: Concept:product_directory_structure: Отсутствует связанный элемент Report:use-case_realization_use-case_name
Предупреждение: Concept:product_directory_structure: Отсутствует связанный элемент Report:use-case_realization_use-case_name
Предупреждение: Guideline:user_experience_modeling: Отсутствует связанный элемент Artifact:user_experience_model
Предупреждение: Guideline:user_experience_modeling: Отсутствует связанный элемент Artifact:user_experience_element
Предупреждение: Guideline:user_experience_modeling: Отсутствует связанный элемент Guideline:user_experience_element
Предупреждение: Guideline:user_experience_modeling: Отсутствует связанный элемент Artifact:user_experience_storyboard
Предупреждение: Guideline:user_experience_modeling: Отсутствует связанный элемент Guideline:user_experience_storyboard
Предупреждение: Guideline:user_experience_modeling: Отсутствует связанный элемент Artifact:user_experience_navmap
Предупреждение: Guideline:user_experience_modeling: Отсутствует связанный элемент Guideline:user_experience_navigation_map
Предупреждение: Guideline:user_experience_modeling: Отсутствует связанный элемент Artifact:user_experience_model
Предупреждение: Guideline:user_experience_modeling: Отсутствует связанный элемент Guideline:user_experience_model
Предупреждение: ToolMentor:identifying_design_elements: Отсутствует связанный элемент Whitepaper:model_structure_guidelines_for_rational_xde_developer
Предупреждение: ToolMentor:identifying_design_elements: Отсутствует связанный элемент Whitepaper:model_structure_guidelines_for_rational_xde_developer
Предупреждение: Guideline:software_architecture_document: Отсутствует связанный элемент Artifact:user_experience_model
Предупреждение: Guideline:software_architecture_document: Отсутствует связанный элемент Artifact:user_experience_element
Предупреждение: Guideline:software_architecture_document: Отсутствует связанный элемент Artifact:user_experience_storyboard
Предупреждение: Guideline:software_architecture_document: Отсутствует связанный элемент Guideline:user_experience_model
Предупреждение: Guideline:software_architecture_document: Отсутствует связанный элемент Artifact:user_experience_model
Предупреждение: Guideline:software_architecture_document: Отсутствует связанный элемент Artifact:user_experience_element
Предупреждение: Guideline:software_architecture_document: Отсутствует связанный элемент Artifact:user_experience_storyboard
Предупреждение: Checklist:analysis_model: Отсутствует связанный элемент Artifact:user_experience_element
Предупреждение: Checklist:analysis_model: Отсутствует связанный элемент Artifact:user_experience_model
Предупреждение: Checklist:design_model: Отсутствует связанный элемент Artifact:user_experience_model
Предупреждение: Checklist:design_model: Отсутствует связанный элемент Artifact:user_experience_element
Предупреждение: Checklist:use-case_realization: Отсутствует связанный элемент Artifact:user_experience_model
Предупреждение: Checklist:use-case_realization: Отсутствует связанный элемент Artifact:user_experience_storyboard
Предупреждение: ToolMentor:performing_use_case_analysis: Отсутствует связанный элемент Whitepaper:model_structure_guidelines_for_rational_xde_developer
Предупреждение: ToolMentor:performing_use_case_analysis: Отсутствует связанный элемент Whitepaper:model_structure_guidelines_for_rational_xde_developer
Предупреждение: ToolMentor:performing_use_case_analysis: Отсутствует связанный элемент Whitepaper:model_structure_guidelines_for_rational_xde_developer
Предупреждение: ToolMentor:create_uxm_storyboard_report_soda: Отсутствует связанный элемент Report:user_experience_storyboard
Предупреждение: ToolMentor:create_uxm_storyboard_report_soda: Отсутствует связанный элемент Artifact:user_experience_storyboard
Предупреждение: ToolMentor:modeling_the_user_experience_rose: Отсутствует связанный элемент Artifact:user_experience_model
Предупреждение: ToolMentor:modeling_the_user_experience_rose: Отсутствует связанный элемент Artifact:user_experience_element
Предупреждение: ToolMentor:modeling_the_user_experience_rose: Отсутствует связанный элемент Guideline:user_experience_model
Предупреждение: ToolMentor:modeling_the_user_experience_rose: Отсутствует связанный элемент Guideline:user_experience_element
Предупреждение: ToolMentor:modeling_the_user_experience_rose: Отсутствует связанный элемент Guideline:user_experience_element
Предупреждение: ToolMentor:modeling_the_user_experience_rose: Отсутствует связанный элемент Artifact:user_experience_storyboard
Предупреждение: ToolMentor:modeling_the_user_experience_rose: Отсутствует связанный элемент Guideline:user_experience_storyboard
Предупреждение: ToolMentor:modeling_the_user_experience_rose: Отсутствует связанный элемент Artifact:user_experience_storyboard
Предупреждение: ToolMentor:modeling_the_user_experience_rose: Отсутствует связанный элемент Guideline:user_experience_model
Предупреждение: ToolMentor:modeling_the_user_experience_rose: Отсутствует связанный элемент Guideline:user_experience_storyboard
Предупреждение: ToolMentor:modeling_the_user_experience_rose: Отсутствует связанный элемент Artifact:user_experience_navmap
Предупреждение: ToolMentor:modeling_the_user_experience_rose: Отсутствует связанный элемент Guideline:user_experience_model
Предупреждение: ToolMentor:modeling_the_user_experience_rose: Отсутствует связанный элемент Guideline:user_experience_navigation_map
Предупреждение: ToolMentor:modeling_the_user_experience_xde: Отсутствует связанный элемент Artifact:user_experience_model
Предупреждение: ToolMentor:modeling_the_user_experience_xde: Отсутствует связанный элемент Artifact:user_experience_element
Предупреждение: ToolMentor:modeling_the_user_experience_xde: Отсутствует связанный элемент Guideline:user_experience_model
Предупреждение: ToolMentor:modeling_the_user_experience_xde: Отсутствует связанный элемент Guideline:user_experience_element
Предупреждение: ToolMentor:modeling_the_user_experience_xde: Отсутствует связанный элемент Artifact:user_experience_storyboard
Предупреждение: ToolMentor:modeling_the_user_experience_xde: Отсутствует связанный элемент Guideline:user_experience_storyboard
Предупреждение: ToolMentor:modeling_the_user_experience_xde: Отсутствует связанный элемент Artifact:user_experience_storyboard
Предупреждение: ToolMentor:modeling_the_user_experience_xde: Отсутствует связанный элемент Guideline:user_experience_model
Предупреждение: ToolMentor:modeling_the_user_experience_xde: Отсутствует связанный элемент Artifact:user_experience_navmap
Предупреждение: ToolMentor:modeling_the_user_experience_xde: Отсутствует связанный элемент Guideline:user_experience_model
Предупреждение: ToolMentor:modeling_the_user_experience_xde: Отсутствует связанный элемент Artifact:user_experience_element
Предупреждение: ToolMentor:modeling_the_user_experience_xde: Отсутствует связанный элемент Guideline:user_experience_navigation_map
Предупреждение: ToolMentor:designing_use_cases: Отсутствует связанный элемент Whitepaper:model_structure_guidelines_for_rational_xde_developer
Предупреждение: Guideline:workload_analysis_model: Отсутствует связанный элемент Role:rup_stakeholder
Предупреждение: Guideline:building_web_applications_with_the_uml: Отсутствует связанный элемент Whitepaper:modeling_web_application_architectures_with_uml
Предупреждение: ToolMentor:database_design: Отсутствует связанный элемент Whitepaper:model_structure_guidelines_for_rational_xde_developer
Предупреждение: ToolMentor:database_design: Отсутствует связанный элемент Whitepaper:model_structure_guidelines_for_rational_xde_developer
Предупреждение: ToolMentor:implementing_design_elements: Отсутствует связанный элемент Whitepaper:model_structure_guidelines_for_rational_xde_developer
Предупреждение: ToolMentor:assemble_j2ee_mod_app: Отсутствует связанный элемент Guideline:j2ee_module
Предупреждение: ToolMentor:assemble_j2ee_mod_app: Отсутствует связанный элемент Guideline:j2ee_module
Предупреждение: ToolMentor:assemble_j2ee_mod_app: Отсутствует связанный элемент Guideline:j2ee_application
Предупреждение: ToolMentor:assemble_j2ee_mod_app: Отсутствует связанный элемент Guideline:j2ee_application
Предупреждение: ToolMentor:deploy_2_was: Отсутствует связанный элемент Guideline:j2ee_module
Предупреждение: ToolMentor:deploy_2_was: Отсутствует связанный элемент Guideline:j2ee_module
Предупреждение: ToolMentor:deploy_2_was: Отсутствует связанный элемент Guideline:j2ee_application
Предупреждение: ToolMentor:deploy_2_was: Отсутствует связанный элемент Guideline:j2ee_application
Предупреждение: ToolMentor:exporting_processes_rmc: Отсутствует связанный элемент Concept:capability_pattern
Предупреждение: CustomCategory:inception: Отсутствует связанный элемент Concept:risk
Предупреждение: ToolMentor:detailing_a_use_case_rup_xde_uc: Отсутствует связанный элемент Whitepaper:model_structure_guidelines_for_rational_xde_developer
Предупреждение: ToolMentor:performing_architectural_analysis: Отсутствует связанный элемент Whitepaper:model_structure_guidelines_for_rational_xde_developer
Предупреждение: ToolMentor:performing_architectural_analysis: Отсутствует связанный элемент Whitepaper:model_structure_guidelines_for_rational_xde_developer
Предупреждение: ToolMentor:performing_architectural_analysis: Отсутствует связанный элемент Whitepaper:model_structure_guidelines_for_rational_xde_developer
Предупреждение: ToolMentor:performing_architectural_analysis: Отсутствует связанный элемент Whitepaper:model_structure_guidelines_for_rational_xde_developer
Предупреждение: ToolMentor:incorporating_existing_design_elements: Отсутствует связанный элемент Whitepaper:model_structure_guidelines_for_rational_xde_developer
Предупреждение: ToolMentor:incorporating_existing_design_elements: Отсутствует связанный элемент Whitepaper:model_structure_guidelines_for_rational_xde_developer
Предупреждение: ToolMentor:structuring_the_implementation_model: Отсутствует связанный элемент Whitepaper:model_structure_guidelines_for_rational_xde_developer
Предупреждение: ToolMentor:structuring_the_implementation_model: Отсутствует связанный элемент Whitepaper:model_structure_guidelines_for_rational_xde_developer
Предупреждение: ToolMentor:structuring_the_implementation_model: Отсутствует связанный элемент Whitepaper:model_structure_guidelines_for_rational_xde_developer
Предупреждение: ToolMentor:structuring_the_implementation_model: Отсутствует связанный элемент Whitepaper:model_structure_guidelines_for_rational_xde_developer
Предупреждение: ToolMentor:structuring_the_implementation_model: Отсутствует связанный элемент Whitepaper:model_structure_guidelines_for_rational_xde_developer
Предупреждение: ToolMentor:structuring_the_implementation_model: Отсутствует связанный элемент Whitepaper:model_structure_guidelines_for_rational_xde_developer
Предупреждение: ToolMentor:structuring_the_implementation_model: Отсутствует связанный элемент Whitepaper:model_structure_guidelines_for_rational_xde_developer
Предупреждение: ToolMentor:describing_run_time_architecture: Отсутствует связанный элемент Whitepaper:model_structure_guidelines_for_rational_xde_developer
Предупреждение: ToolMentor:describing_distribution: Отсутствует связанный элемент Whitepaper:model_structure_guidelines_for_rational_xde_developer
Предупреждение: Concept:role: Отсутствует связанный элемент Role:rup_stakeholder
Предупреждение: Concept:work_product: Отсутствует связанный элемент Concept:artifact
Предупреждение: Concept:work_product: Отсутствует связанный элемент Concept:deliverable
Предупреждение: Concept:work_product: Отсутствует связанный элемент Concept:outcome
Предупреждение: ToolMentor:publishing_method_configuration_rmc: Отсутствует связанный элемент Concept:configuration
Предупреждение: ToolMentor:publishing_method_configuration_rmc: Отсутствует связанный элемент Concept:method_library
Предупреждение: ToolMentor:developing_processes_rmc: Отсутствует связанный элемент Concept:capability_pattern
Предупреждение: ToolMentor:developing_method_content_rmc: Отсутствует связанный элемент Concept:content_package
Предупреждение: Concept:e-business_development: Отсутствует связанный элемент Concept:developing_e-business_solutions
Предупреждение: Concept:business_component_modeling: Отсутствует связанный элемент Task:bm_define_system_context
Предупреждение: Concept:business_component_modeling: Отсутствует связанный элемент Whitepaper:rational_uml_profile_for_business_modeling
Предупреждение: Guideline:business_vision: Отсутствует связанный элемент Task:define_automation_reqs
Предупреждение: ToolMentor:identify_biz_goals: Отсутствует связанный элемент Task:find_business_actors_and_use_cases
Предупреждение: ToolMentor:finding_actors_and_use_cases_rup_xde_uc: Отсутствует связанный элемент Whitepaper:model_structure_guidelines_for_rational_xde_developer
Предупреждение: ToolMentor:finding_actors_and_use_cases_rup_xde_uc: Отсутствует связанный элемент Whitepaper:model_structure_guidelines_for_rational_xde_developer
Предупреждение: ToolMentor:finding_actors_and_use_cases_rup_xde_uc: Отсутствует связанный элемент Whitepaper:model_structure_guidelines_for_rational_xde_developer
Предупреждение: ToolMentor:elicit_stakeholder_requests_tm: Отсутствует связанный элемент Role:rup_stakeholder
Предупреждение: Guideline:business_analysis_modeling_workshop: Отсутствует связанный элемент Activity:develop_domain_model
Предупреждение: SupportingMaterial:introduction_to_rup: Отсутствует связанный элемент Concept:activity
Предупреждение: SupportingMaterial:introduction_to_rup: Отсутствует связанный элемент Role:rup_stakeholder
Предупреждение: SupportingMaterial:introduction_to_rup: Отсутствует связанный элемент Concept:risk
Предупреждение: SupportingMaterial:process_essentials: Отсутствует связанный элемент Concept:balance_competing_stakeholder priorities
Предупреждение: SupportingMaterial:process_essentials: Отсутствует связанный элемент Concept:elevate_level_abstraction
Предупреждение: SupportingMaterial:process_essentials: Отсутствует связанный элемент Concept:demonstrate_value_iteratively
Предупреждение: CustomCategory:method_architecture_fundamentals: Отсутствует связанный элемент Concept:activity
Предупреждение: CustomCategory:method_architecture_fundamentals: Отсутствует связанный элемент Concept:capability_pattern
Предупреждение: CustomCategory:method_architecture_fundamentals: Отсутствует связанный элемент Concept:checklist
Предупреждение: CustomCategory:method_architecture_fundamentals: Отсутствует связанный элемент Concept:concept
Предупреждение: CustomCategory:method_architecture_fundamentals: Отсутствует связанный элемент Concept:example
Предупреждение: CustomCategory:method_architecture_fundamentals: Отсутствует связанный элемент Concept:guideline
Предупреждение: CustomCategory:method_architecture_fundamentals: Отсутствует связанный элемент Concept:practice
Предупреждение: CustomCategory:method_architecture_fundamentals: Отсутствует связанный элемент Concept:report
Предупреждение: CustomCategory:method_architecture_fundamentals: Отсутствует связанный элемент Concept:reusable_asset
Предупреждение: CustomCategory:method_architecture_fundamentals: Отсутствует связанный элемент Concept:roadmap
Предупреждение: CustomCategory:method_architecture_fundamentals: Отсутствует связанный элемент Concept:supporting_material
Предупреждение: CustomCategory:method_architecture_fundamentals: Отсутствует связанный элемент Concept:template
Предупреждение: CustomCategory:method_architecture_fundamentals: Отсутствует связанный элемент Concept:term_definition
Предупреждение: CustomCategory:method_architecture_fundamentals: Отсутствует связанный элемент Concept:tool_mentor
Предупреждение: CustomCategory:method_concepts: Отсутствует связанный элемент Concept:artifact
Предупреждение: CustomCategory:method_concepts: Отсутствует связанный элемент Concept:deliverable
Предупреждение: CustomCategory:method_concepts: Отсутствует связанный элемент Concept:outcome
Предупреждение: CustomCategory:process_concepts: Отсутствует связанный элемент Concept:activity
Предупреждение: CustomCategory:process_concepts: Отсутствует связанный элемент Concept:capability_pattern
Предупреждение: CustomCategory:process_concepts: Отсутствует связанный элемент Concept:process_contribution
Предупреждение: CustomCategory:process_concepts: Отсутствует связанный элемент Concept:descriptor
Предупреждение: CustomCategory:process_concepts: Отсутствует связанный элемент Concept:composite_role
Предупреждение: CustomCategory:process_concepts: Отсутствует связанный элемент Concept:team_profile
Предупреждение: Roadmap:modeling_the_user_experience: Отсутствует связанный элемент Artifact:user_experience_model
Предупреждение: Roadmap:modeling_the_user_experience: Отсутствует связанный элемент Artifact:user_experience_element
Предупреждение: Roadmap:modeling_the_user_experience: Отсутствует связанный элемент Artifact:user_experience_storyboard
Предупреждение: Roadmap:modeling_the_user_experience: Отсутствует связанный элемент Artifact:user_experience_navmap
Предупреждение: Roadmap:modeling_the_user_experience: Отсутствует связанный элемент Artifact:user_experience_model
Предупреждение: Roadmap:modeling_the_user_experience: Отсутствует связанный элемент Guideline:user_experience_model
Предупреждение: Roadmap:modeling_the_user_experience: Отсутствует связанный элемент Checklist:user_experience_element
Предупреждение: Roadmap:modeling_the_user_experience: Отсутствует связанный элемент Checklist:user_experience_element
Предупреждение: Roadmap:modeling_the_user_experience: Отсутствует связанный элемент Checklist:user_experience_navigation_map
Предупреждение: Roadmap:modeling_the_user_experience: Отсутствует связанный элемент Checklist:user_experience_storyboard
Предупреждение: Roadmap:modeling_the_user_experience: Отсутствует связанный элемент Artifact:user_experience_model
Предупреждение: Roadmap:modeling_the_user_experience: Отсутствует связанный элемент Artifact:user_experience_element
Предупреждение: Roadmap:modeling_the_user_experience: Отсутствует связанный элемент Guideline:user_experience_model
Предупреждение: Roadmap:modeling_the_user_experience: Отсутствует связанный элемент Artifact:user_experience_model
Предупреждение: Roadmap:modeling_the_user_experience: Отсутствует связанный элемент Guideline:user_experience_model
Предупреждение: Roadmap:modeling_the_user_experience: Отсутствует связанный элемент Artifact:user_experience_model
Предупреждение: Roadmap:modeling_the_user_experience: Отсутствует связанный элемент Guideline:user_experience_model
Предупреждение: Roadmap:modeling_the_user_experience: Отсутствует связанный элемент Artifact:user_experience_model
Предупреждение: Roadmap:modeling_the_user_experience: Отсутствует связанный элемент Artifact:user_experience_element
Предупреждение: Roadmap:modeling_the_user_experience: Отсутствует связанный элемент Artifact:user_experience_model
Предупреждение: Roadmap:modeling_the_user_experience: Отсутствует связанный элемент Artifact:user_experience_element
Предупреждение: Roadmap:modeling_the_user_experience: Отсутствует связанный элемент Artifact:user_experience_storyboard
Предупреждение: Roadmap:modeling_the_user_experience: Отсутствует связанный элемент Artifact:user_experience_navmap
Предупреждение: Roadmap:modeling_the_user_experience: Отсутствует связанный элемент Artifact:user_experience_model
Предупреждение: Roadmap:modeling_the_user_experience: Отсутствует связанный элемент Artifact:user_experience_element
Предупреждение: Roadmap:modeling_the_user_experience: Отсутствует связанный элемент Artifact:user_experience_storyboard
Предупреждение: RoleSetGrouping:rup_role_sets: Отсутствует связанный элемент Concept:role_set
Предупреждение: SupportingMaterial:rational_tools: Отсутствует связанный элемент Concept:tool_mentor
Предупреждение: SupportingMaterial:whats_new_bm: Отсутствует связанный элемент CapabilityPattern:define_business_operations
Предупреждение: CustomCategory:key_business_driven_development_principles: Отсутствует связанный элемент Concept:adapt_process
Предупреждение: CustomCategory:key_business_driven_development_principles: Отсутствует связанный элемент Concept:balance_competing_stakeholder priorities
Предупреждение: CustomCategory:key_business_driven_development_principles: Отсутствует связанный элемент Concept:collaborate_across_teams
Предупреждение: CustomCategory:key_business_driven_development_principles: Отсутствует связанный элемент Concept:demonstrate_value_iteratively
Предупреждение: CustomCategory:key_business_driven_development_principles: Отсутствует связанный элемент Concept:elevate_level_abstraction
Предупреждение: CustomCategory:key_business_driven_development_principles: Отсутствует связанный элемент Concept:focus_continuously_quality
Предупреждение: CustomCategory:categories: Отсутствует связанный элемент Concept:custom_category
Предупреждение: CustomCategory:categories: Отсутствует связанный элемент Concept:view
Предупреждение: CustomCategory:organizational_concepts: Отсутствует связанный элемент Concept:method_library
Предупреждение: CustomCategory:organizational_concepts: Отсутствует связанный элемент Concept:method_plugin
Предупреждение: CustomCategory:organizational_concepts: Отсутствует связанный элемент Concept:configuration
Предупреждение: CustomCategory:organizational_concepts: Отсутствует связанный элемент Concept:content_package
Предупреждение: CustomCategory:organizational_concepts: Отсутствует связанный элемент Concept:process_package
Предупреждение: CustomCategory:work_product: Отсутствует связанный элемент Concept:artifact
Предупреждение: CustomCategory:work_product: Отсутствует связанный элемент Concept:outcome
Предупреждение: CustomCategory:work_product: Отсутствует связанный элемент Concept:deliverable
Предупреждение: CustomCategory:method_package: Отсутствует связанный элемент Concept:content_package
Предупреждение: CustomCategory:method_package: Отсутствует связанный элемент Concept:process_package
